Traceback (most recent call last):
  File "/usr/local/python/3.12.1/lib/python3.12/site-packages/jupyter_cache/executors/utils.py", line 58, in single_nb_execution
    executenb(
  File "/usr/local/python/3.12.1/lib/python3.12/site-packages/nbclient/client.py", line 1319, in execute
    return NotebookClient(nb=nb, resources=resources, km=km, **kwargs).execute()
           ^^^^^^^^^^^^^^^^^^^^^^^^^^^^^^^^^^^^^^^^^^^^^^^^^^^^^^^^^^^^^^^^^^^^^
  File "/usr/local/python/3.12.1/lib/python3.12/site-packages/jupyter_core/utils/__init__.py", line 165, in wrapped
    return loop.run_until_complete(inner)
           ^^^^^^^^^^^^^^^^^^^^^^^^^^^^^^
  File "/usr/local/python/3.12.1/lib/python3.12/asyncio/base_events.py", line 684, in run_until_complete
    return future.result()
           ^^^^^^^^^^^^^^^
  File "/usr/local/python/3.12.1/lib/python3.12/site-packages/nbclient/client.py", line 709, in async_execute
    await self.async_execute_cell(
  File "/usr/local/python/3.12.1/lib/python3.12/site-packages/nbclient/client.py", line 1062, in async_execute_cell
    await self._check_raise_for_error(cell, cell_index, exec_reply)
  File "/usr/local/python/3.12.1/lib/python3.12/site-packages/nbclient/client.py", line 918, in _check_raise_for_error
    raise CellExecutionError.from_cell_and_msg(cell, exec_reply_content)
nbclient.exceptions.CellExecutionError: An error occurred while executing the following cell:
------------------
import pandas as pd
import numpy as np
from sklearn.model_selection import train_test_split
from sklearn.preprocessing import StandardScaler
from sklearn.utils.class_weight import compute_class_weight
from sklearn.metrics import confusion_matrix, classification_report 
from tensorflow.keras.models import Sequential
from tensorflow.keras.layers import Conv1D, MaxPooling1D, Dense, Flatten, Dropout, BatchNormalization
from tensorflow.keras.callbacks import EarlyStopping
from tensorflow.keras.utils import to_categorical
import matplotlib.pyplot as plt
from keras.callbacks import EarlyStopping
import seaborn as sns
import joblib
import os
------------------


[31m---------------------------------------------------------------------------[39m
[31mModuleNotFoundError[39m                       Traceback (most recent call last)
[36mCell[39m[36m [39m[32mIn[1][39m[32m, line 7[39m
[32m      5[39m [38;5;28;01mfrom[39;00m[38;5;250m [39m[34;01msklearn[39;00m[34;01m.[39;00m[34;01mutils[39;00m[34;01m.[39;00m[34;01mclass_weight[39;00m[38;5;250m [39m[38;5;28;01mimport[39;00m compute_class_weight
[32m      6[39m [38;5;28;01mfrom[39;00m[38;5;250m [39m[34;01msklearn[39;00m[34;01m.[39;00m[34;01mmetrics[39;00m[38;5;250m [39m[38;5;28;01mimport[39;00m confusion_matrix, classification_report 
[32m----> [39m[32m7[39m [38;5;28;01mfrom[39;00m[38;5;250m [39m[34;01mtensorflow[39;00m[34;01m.[39;00m[34;01mkeras[39;00m[34;01m.[39;00m[34;01mmodels[39;00m[38;5;250m [39m[38;5;28;01mimport[39;00m Sequential
[32m      8[39m [38;5;28;01mfrom[39;00m[38;5;250m [39m[34;01mtensorflow[39;00m[34;01m.[39;00m[34;01mkeras[39;00m[34;01m.[39;00m[34;01mlayers[39;00m[38;5;250m [39m[38;5;28;01mimport[39;00m Conv1D, MaxPooling1D, Dense, Flatten, Dropout, BatchNormalization
[32m      9[39m [38;5;28;01mfrom[39;00m[38;5;250m [39m[34;01mtensorflow[39;00m[34;01m.[39;00m[34;01mkeras[39;00m[34;01m.[39;00m[34;01mcallbacks[39;00m[38;5;250m [39m[38;5;28;01mimport[39;00m EarlyStopping

[31mModuleNotFoundError[39m: No module named 'tensorflow'

